{"numTotalTestSuites":40,"numPassedTestSuites":39,"numFailedTestSuites":1,"numPendingTestSuites":0,"numTotalTests":79,"numPassedTests":79,"numFailedTests":0,"numPendingTests":0,"numTodoTests":0,"snapshot":{"added":0,"failure":false,"filesAdded":0,"filesRemoved":0,"filesRemovedList":[],"filesUnmatched":0,"filesUpdated":0,"matched":0,"total":0,"unchecked":0,"uncheckedKeysByFile":[],"unmatched":0,"updated":0,"didUpdate":false},"startTime":1758913578357,"success":false,"testResults":[{"assertionResults":[{"ancestorTitles":["BroadcastCard"],"fullName":"BroadcastCard renders broadcast information correctly","status":"passed","title":"renders broadcast information correctly","duration":101.50889999999981,"failureMessages":[],"meta":{}},{"ancestorTitles":["BroadcastCard"],"fullName":"BroadcastCard shows live indicator when broadcast is live","status":"passed","title":"shows live indicator when broadcast is live","duration":12.448900000000322,"failureMessages":[],"meta":{}},{"ancestorTitles":["BroadcastCard"],"fullName":"BroadcastCard renders thumbnail when provided","status":"passed","title":"renders thumbnail when provided","duration":7.306899999999587,"failureMessages":[],"meta":{}}],"startTime":1758913583878,"endTime":1758913583999.307,"status":"passed","message":"","name":"C:/Users/hwi/Desktop/Projects/community/frontend/tests/broadcast-card.test.tsx"},{"assertionResults":[{"ancestorTitles":["post helpers"],"fullName":"post helpers should split content into paragraphs","status":"passed","title":"should split content into paragraphs","duration":3.145299999999679,"failureMessages":[],"meta":{}},{"ancestorTitles":["post helpers"],"fullName":"post helpers should format valid dates","status":"passed","title":"should format valid dates","duration":28.616700000000037,"failureMessages":[],"meta":{}},{"ancestorTitles":["post helpers"],"fullName":"post helpers should handle invalid dates","status":"passed","title":"should handle invalid dates","duration":0.22270000000025902,"failureMessages":[],"meta":{}},{"ancestorTitles":["post helpers"],"fullName":"post helpers should derive broadcast format","status":"passed","title":"should derive broadcast format","duration":0.17559999999957654,"failureMessages":[],"meta":{}},{"ancestorTitles":["post helpers"],"fullName":"post helpers should derive gallery format for cosplay","status":"passed","title":"should derive gallery format for cosplay","duration":0.13099999999985812,"failureMessages":[],"meta":{}},{"ancestorTitles":["post helpers"],"fullName":"post helpers should format numbers","status":"passed","title":"should format numbers","duration":5.396899999999732,"failureMessages":[],"meta":{}},{"ancestorTitles":["post helpers"],"fullName":"post helpers should handle missing numbers","status":"passed","title":"should handle missing numbers","duration":0.2213000000001557,"failureMessages":[],"meta":{}},{"ancestorTitles":["post helpers"],"fullName":"post helpers should normalize post blocks","status":"passed","title":"should normalize post blocks","duration":1.3981999999996333,"failureMessages":[],"meta":{}},{"ancestorTitles":["post helpers"],"fullName":"post helpers should resolve hero image url","status":"passed","title":"should resolve hero image url","duration":0.6392000000000735,"failureMessages":[],"meta":{}}],"startTime":1758913582377,"endTime":1758913582416.6392,"status":"passed","message":"","name":"C:/Users/hwi/Desktop/Projects/community/frontend/tests/post-page.test.ts"},{"assertionResults":[{"ancestorTitles":["routes"],"fullName":"routes should resolve news route","status":"passed","title":"should resolve news route","duration":1.9346000000000458,"failureMessages":[],"meta":{}},{"ancestorTitles":["routes"],"fullName":"routes should resolve community route","status":"passed","title":"should resolve community route","duration":0.49929999999994834,"failureMessages":[],"meta":{}},{"ancestorTitles":["routes"],"fullName":"routes should resolve cosplay route","status":"passed","title":"should resolve cosplay route","duration":0.20890000000008513,"failureMessages":[],"meta":{}},{"ancestorTitles":["routes"],"fullName":"routes should build link for news","status":"passed","title":"should build link for news","duration":0.31300000000010186,"failureMessages":[],"meta":{}},{"ancestorTitles":["routes"],"fullName":"routes should build link for global-news","status":"passed","title":"should build link for global-news","duration":0.17039999999997235,"failureMessages":[],"meta":{}},{"ancestorTitles":["routes"],"fullName":"routes should build link for global-community-lounge","status":"passed","title":"should build link for global-community-lounge","duration":0.1837999999997919,"failureMessages":[],"meta":{}},{"ancestorTitles":["routes"],"fullName":"routes should build link for global/broadcast-stage","status":"passed","title":"should build link for global/broadcast-stage","duration":0.15119999999978972,"failureMessages":[],"meta":{}},{"ancestorTitles":["routes"],"fullName":"routes should build link for global-cosplay-gallery","status":"passed","title":"should build link for global-cosplay-gallery","duration":0.12920000000030996,"failureMessages":[],"meta":{}}],"startTime":1758913582367,"endTime":1758913582371.1838,"status":"passed","message":"","name":"C:/Users/hwi/Desktop/Projects/community/frontend/tests/routes.test.ts"},{"assertionResults":[{"ancestorTitles":["SearchPage"],"fullName":"SearchPage should show loading state","status":"passed","title":"should show loading state","duration":87.01940000000013,"failureMessages":[],"meta":{}},{"ancestorTitles":["SearchPage"],"fullName":"SearchPage should show error state","status":"passed","title":"should show error state","duration":15.51740000000018,"failureMessages":[],"meta":{}}],"startTime":1758913582602,"endTime":1758913582704.5173,"status":"passed","message":"","name":"C:/Users/hwi/Desktop/Projects/community/frontend/tests/search-page.test.tsx"},{"assertionResults":[],"startTime":1758913578357,"endTime":1758913578357,"status":"failed","message":"Failed to resolve import \"@playwright/test\" from \"tests/e2e/navigation.spec.ts\". Does the file exist?","name":"C:/Users/hwi/Desktop/Projects/community/frontend/tests/e2e/navigation.spec.ts"},{"assertionResults":[{"ancestorTitles":["ApiService","getBoards"],"fullName":"ApiService getBoards should fetch boards successfully","status":"passed","title":"should fetch boards successfully","duration":6.775900000000092,"failureMessages":[],"meta":{}},{"ancestorTitles":["ApiService","getBoards"],"fullName":"ApiService getBoards should return fallback boards when API fails","status":"passed","title":"should return fallback boards when API fails","duration":9.539899999999761,"failureMessages":[],"meta":{}},{"ancestorTitles":["ApiService","getBoards"],"fullName":"ApiService getBoards should return fallback boards when API returns empty array","status":"passed","title":"should return fallback boards when API returns empty array","duration":0.41820000000006985,"failureMessages":[],"meta":{}},{"ancestorTitles":["ApiService","getCommunities"],"fullName":"ApiService getCommunities should fetch communities successfully","status":"passed","title":"should fetch communities successfully","duration":0.8681000000001404,"failureMessages":[],"meta":{}},{"ancestorTitles":["ApiService","getCommunities"],"fullName":"ApiService getCommunities should return fallback communities when API fails","status":"passed","title":"should return fallback communities when API fails","duration":1.2428999999997359,"failureMessages":[],"meta":{}},{"ancestorTitles":["ApiService","getPosts"],"fullName":"ApiService getPosts should fetch posts successfully","status":"passed","title":"should fetch posts successfully","duration":1.4790000000002692,"failureMessages":[],"meta":{}},{"ancestorTitles":["ApiService","getPosts"],"fullName":"ApiService getPosts should handle posts wrapped in response object","status":"passed","title":"should handle posts wrapped in response object","duration":0.427599999999984,"failureMessages":[],"meta":{}},{"ancestorTitles":["ApiService","getPosts"],"fullName":"ApiService getPosts should include query parameters when provided","status":"passed","title":"should include query parameters when provided","duration":1.1752000000001317,"failureMessages":[],"meta":{}},{"ancestorTitles":["ApiService","getPosts"],"fullName":"ApiService getPosts should return fallback posts when API fails","status":"passed","title":"should return fallback posts when API fails","duration":1.6463999999996304,"failureMessages":[],"meta":{}},{"ancestorTitles":["ApiService","getPost"],"fullName":"ApiService getPost should fetch single post successfully","status":"passed","title":"should fetch single post successfully","duration":1.156500000000051,"failureMessages":[],"meta":{}},{"ancestorTitles":["ApiService","getPost"],"fullName":"ApiService getPost should return fallback post when API fails and post exists in fallback data","status":"passed","title":"should return fallback post when API fails and post exists in fallback data","duration":1.6806000000001404,"failureMessages":[],"meta":{}},{"ancestorTitles":["ApiService","getPost"],"fullName":"ApiService getPost should throw error when API fails and post not found in fallback data","status":"passed","title":"should throw error when API fails and post not found in fallback data","duration":2.740299999999934,"failureMessages":[],"meta":{}},{"ancestorTitles":["ApiService","searchPosts"],"fullName":"ApiService searchPosts should search posts successfully","status":"passed","title":"should search posts successfully","duration":1.0626999999999498,"failureMessages":[],"meta":{}},{"ancestorTitles":["ApiService","searchPosts"],"fullName":"ApiService searchPosts should handle search failure gracefully","status":"passed","title":"should handle search failure gracefully","duration":1.0064000000002125,"failureMessages":[],"meta":{}},{"ancestorTitles":["ApiService","searchPosts"],"fullName":"ApiService searchPosts should use custom limit and offset","status":"passed","title":"should use custom limit and offset","duration":0.61850000000004,"failureMessages":[],"meta":{}},{"ancestorTitles":["ApiService","getTrending"],"fullName":"ApiService getTrending should fetch trending posts successfully","status":"passed","title":"should fetch trending posts successfully","duration":0.9524999999998727,"failureMessages":[],"meta":{}},{"ancestorTitles":["ApiService","getTrending"],"fullName":"ApiService getTrending should return fallback trending data when API fails","status":"passed","title":"should return fallback trending data when API fails","duration":1.6145999999998821,"failureMessages":[],"meta":{}},{"ancestorTitles":["ApiService","getTrending"],"fullName":"ApiService getTrending should use default parameters","status":"passed","title":"should use default parameters","duration":0.7130999999999403,"failureMessages":[],"meta":{}},{"ancestorTitles":["ApiService","createPost"],"fullName":"ApiService createPost should create post successfully","status":"passed","title":"should create post successfully","duration":0.7705999999998312,"failureMessages":[],"meta":{}},{"ancestorTitles":["ApiService","timeout handling"],"fullName":"ApiService timeout handling should timeout after REQUEST_TIMEOUT_MS","status":"passed","title":"should timeout after REQUEST_TIMEOUT_MS","duration":2001.4402,"failureMessages":[],"meta":{}},{"ancestorTitles":["ApiService","error handling"],"fullName":"ApiService error handling should handle non-ok responses with fallback","status":"passed","title":"should handle non-ok responses with fallback","duration":1.5547000000005937,"failureMessages":[],"meta":{}},{"ancestorTitles":["ApiService","error handling"],"fullName":"ApiService error handling should handle network errors with fallback","status":"passed","title":"should handle network errors with fallback","duration":0.971599999999853,"failureMessages":[],"meta":{}},{"ancestorTitles":["ApiService","error handling"],"fullName":"ApiService error handling should handle aborted requests with fallback","status":"passed","title":"should handle aborted requests with fallback","duration":0.7384999999994761,"failureMessages":[],"meta":{}}],"startTime":1758913582381,"endTime":1758913584422.7385,"status":"passed","message":"","name":"C:/Users/hwi/Desktop/Projects/community/frontend/src/api/__tests__/apiService.test.tsx"},{"assertionResults":[{"ancestorTitles":["ContentTester Integration","Component Rendering"],"fullName":"ContentTester Integration Component Rendering should render ContentTester component","status":"passed","title":"should render ContentTester component","duration":33.72600000000011,"failureMessages":[],"meta":{}},{"ancestorTitles":["ContentTester Integration","Component Rendering"],"fullName":"ContentTester Integration Component Rendering should show initial empty state","status":"passed","title":"should show initial empty state","duration":5.644000000000233,"failureMessages":[],"meta":{}},{"ancestorTitles":["ContentTester Integration","Test Execution"],"fullName":"ContentTester Integration Test Execution should execute all content tests when button is clicked","status":"passed","title":"should execute all content tests when button is clicked","duration":111.05670000000009,"failureMessages":[],"meta":{}},{"ancestorTitles":["ContentTester Integration","Test Execution"],"fullName":"ContentTester Integration Test Execution should display successful test results","status":"passed","title":"should display successful test results","duration":64.87159999999994,"failureMessages":[],"meta":{}},{"ancestorTitles":["ContentTester Integration","Test Execution"],"fullName":"ContentTester Integration Test Execution should handle API errors gracefully","status":"passed","title":"should handle API errors gracefully","duration":59.388900000000376,"failureMessages":[],"meta":{}},{"ancestorTitles":["ContentTester Integration","Test Execution"],"fullName":"ContentTester Integration Test Execution should handle mixed success and failure results","status":"passed","title":"should handle mixed success and failure results","duration":48.585999999999785,"failureMessages":[],"meta":{}},{"ancestorTitles":["ContentTester Integration","Test Execution"],"fullName":"ContentTester Integration Test Execution should disable button while tests are running","status":"passed","title":"should disable button while tests are running","duration":146.72680000000037,"failureMessages":[],"meta":{}},{"ancestorTitles":["ContentTester Integration","Test Execution"],"fullName":"ContentTester Integration Test Execution should clear previous results when running tests again","status":"passed","title":"should clear previous results when running tests again","duration":105.82220000000052,"failureMessages":[],"meta":{}},{"ancestorTitles":["ContentTester Integration","UI Updates"],"fullName":"ContentTester Integration UI Updates should update test results in real-time","status":"passed","title":"should update test results in real-time","duration":209.96709999999985,"failureMessages":[],"meta":{}}],"startTime":1758913582700,"endTime":1758913583485.967,"status":"passed","message":"","name":"C:/Users/hwi/Desktop/Projects/community/frontend/src/components/__tests__/ContentTester.test.tsx"},{"assertionResults":[{"ancestorTitles":["AuthContext","Initial state"],"fullName":"AuthContext Initial state should initialize with null user and logged out state","status":"passed","title":"should initialize with null user and logged out state","duration":40.86879999999974,"failureMessages":[],"meta":{}},{"ancestorTitles":["AuthContext","Initial state"],"fullName":"AuthContext Initial state should load available providers on mount","status":"passed","title":"should load available providers on mount","duration":7.41840000000002,"failureMessages":[],"meta":{}},{"ancestorTitles":["AuthContext","Initial state"],"fullName":"AuthContext Initial state should check for existing user session on mount","status":"passed","title":"should check for existing user session on mount","duration":15.303399999999783,"failureMessages":[],"meta":{}},{"ancestorTitles":["AuthContext","Local authentication"],"fullName":"AuthContext Local authentication should enable local auth when VITE_ENABLE_LOCAL_AUTH is set","status":"passed","title":"should enable local auth when VITE_ENABLE_LOCAL_AUTH is set","duration":1.197099999999864,"failureMessages":[],"meta":{}},{"ancestorTitles":["AuthContext","Local authentication"],"fullName":"AuthContext Local authentication should handle successful login","status":"passed","title":"should handle successful login","duration":103.69520000000011,"failureMessages":[],"meta":{}},{"ancestorTitles":["AuthContext","Local authentication"],"fullName":"AuthContext Local authentication should handle login failure","status":"passed","title":"should handle login failure","duration":74.40639999999985,"failureMessages":[],"meta":{}},{"ancestorTitles":["AuthContext","Local authentication"],"fullName":"AuthContext Local authentication should handle logout","status":"passed","title":"should handle logout","duration":59.742699999999786,"failureMessages":[],"meta":{}},{"ancestorTitles":["AuthContext","Social authentication"],"fullName":"AuthContext Social authentication should handle social login redirect","status":"passed","title":"should handle social login redirect","duration":5.743800000000192,"failureMessages":[],"meta":{}},{"ancestorTitles":["AuthContext","Token management"],"fullName":"AuthContext Token management should refresh tokens when needed","status":"passed","title":"should refresh tokens when needed","duration":3.6898000000001048,"failureMessages":[],"meta":{}},{"ancestorTitles":["AuthContext","Error handling"],"fullName":"AuthContext Error handling should handle API errors gracefully","status":"passed","title":"should handle API errors gracefully","duration":8.152100000000246,"failureMessages":[],"meta":{}},{"ancestorTitles":["AuthContext","Error handling"],"fullName":"AuthContext Error handling should handle invalid stored data","status":"passed","title":"should handle invalid stored data","duration":9.019600000000537,"failureMessages":[],"meta":{}}],"startTime":1758913582701,"endTime":1758913583031.0195,"status":"passed","message":"","name":"C:/Users/hwi/Desktop/Projects/community/frontend/src/contexts/__tests__/AuthContext.test.tsx"},{"assertionResults":[{"ancestorTitles":["useCommunityData","useNewsPosts"],"fullName":"useCommunityData useNewsPosts should fetch and sort news posts by views","status":"passed","title":"should fetch and sort news posts by views","duration":90.29619999999977,"failureMessages":[],"meta":{}},{"ancestorTitles":["useCommunityData","useNewsPosts"],"fullName":"useCommunityData useNewsPosts should handle API errors","status":"passed","title":"should handle API errors","duration":70.61670000000004,"failureMessages":[],"meta":{}},{"ancestorTitles":["useCommunityData","useTrendingList"],"fullName":"useCommunityData useTrendingList should fetch and sort trending items by rank","status":"passed","title":"should fetch and sort trending items by rank","duration":75.5344,"failureMessages":[],"meta":{}},{"ancestorTitles":["useCommunityData","useTrendingList"],"fullName":"useCommunityData useTrendingList should use default parameters when not provided","status":"passed","title":"should use default parameters when not provided","duration":73.3741,"failureMessages":[],"meta":{}},{"ancestorTitles":["useCommunityData","useCommunities"],"fullName":"useCommunityData useCommunities should fetch and normalize communities","status":"passed","title":"should fetch and normalize communities","duration":75.59380000000056,"failureMessages":[],"meta":{}},{"ancestorTitles":["useCommunityData","useCommunities"],"fullName":"useCommunityData useCommunities should handle empty communities","status":"passed","title":"should handle empty communities","duration":75.07169999999951,"failureMessages":[],"meta":{}},{"ancestorTitles":["useCommunityData","useCommunityBoardPosts"],"fullName":"useCommunityData useCommunityBoardPosts should aggregate posts by board ID","status":"passed","title":"should aggregate posts by board ID","duration":74.71449999999913,"failureMessages":[],"meta":{}},{"ancestorTitles":["useCommunityData","useCommunityBoardPosts"],"fullName":"useCommunityData useCommunityBoardPosts should handle loading states","status":"passed","title":"should handle loading states","duration":1.8971000000001368,"failureMessages":[],"meta":{}},{"ancestorTitles":["useCommunityData","useCommunityBoardPosts"],"fullName":"useCommunityData useCommunityBoardPosts should handle errors","status":"passed","title":"should handle errors","duration":74.57520000000022,"failureMessages":[],"meta":{}},{"ancestorTitles":["useCommunityData","useCommunityBoardPosts"],"fullName":"useCommunityData useCommunityBoardPosts should use initial data when available","status":"passed","title":"should use initial data when available","duration":1.8670000000001892,"failureMessages":[],"meta":{}},{"ancestorTitles":["useCommunityData","useCommunityBoardPosts"],"fullName":"useCommunityData useCommunityBoardPosts should skip queries for empty board IDs","status":"passed","title":"should skip queries for empty board IDs","duration":1.0510000000003856,"failureMessages":[],"meta":{}}],"startTime":1758913582634,"endTime":1758913583249.051,"status":"passed","message":"","name":"C:/Users/hwi/Desktop/Projects/community/frontend/src/hooks/__tests__/useCommunityData.test.tsx"},{"assertionResults":[{"ancestorTitles":["useDraftAutoSave"],"fullName":"useDraftAutoSave creates a draft and records lastSavedAt","status":"passed","title":"creates a draft and records lastSavedAt","duration":69.9046000000003,"failureMessages":[],"meta":{}},{"ancestorTitles":["useDraftAutoSave"],"fullName":"useDraftAutoSave yields conflict state when backend responds 409","status":"passed","title":"yields conflict state when backend responds 409","duration":28.50380000000041,"failureMessages":[],"meta":{}},{"ancestorTitles":["useDraftAutoSave"],"fullName":"useDraftAutoSave shows rate_limited error when backend throttles","status":"passed","title":"shows rate_limited error when backend throttles","duration":30.309099999999944,"failureMessages":[],"meta":{}}],"startTime":1758913582575,"endTime":1758913582704.309,"status":"passed","message":"","name":"C:/Users/hwi/Desktop/Projects/community/frontend/src/hooks/__tests__/useDraftAutoSave.test.tsx"}]}